06/12/2022, 20:06:50	<<INFO>>	Method: GET, Route: /api/dev-groups/, IP: localhost
-------------------------------------------------------------------------------------------
06/12/2022, 20:06:50	<<INFO>>	Method: GET, Route: /api/dev-groups/, IP: localhost
-------------------------------------------------------------------------------------------
06/12/2022, 20:06:52	<<INFO>>	Method: GET, Route: /api/dev-groups/, IP: localhost
-------------------------------------------------------------------------------------------
06/12/2022, 20:06:52	<<INFO>>	Method: GET, Route: /api/dev-groups/, IP: localhost
-------------------------------------------------------------------------------------------
06/12/2022, 20:07:32	<<INFO>>	Method: GET, Route: /appointments-by-dev-group/1, IP: localhost
-------------------------------------------------------------------------------------------
06/12/2022, 20:07:32	<<ERROR>>	
-------------------------------------------------------------------------------------------
06/12/2022, 20:11:52	<<INFO>>	Method: POST, Route: /api/dev, IP: localhost
-------------------------------------------------------------------------------------------
06/12/2022, 20:11:52	<<ERROR>>	
-------------------------------------------------------------------------------------------
06/12/2022, 20:12:10	<<INFO>>	Method: GET, Route: /api/dev-groups, IP: localhost
-------------------------------------------------------------------------------------------
06/12/2022, 20:12:59	<<INFO>>	Method: GET, Route: /api/appointments-by-dev-group/1, IP: localhost
-------------------------------------------------------------------------------------------
06/12/2022, 20:15:04	<<INFO>>	Method: GET, Route: /api/dev-groups/, IP: localhost
-------------------------------------------------------------------------------------------
06/12/2022, 20:15:04	<<INFO>>	Method: GET, Route: /api/dev-groups/, IP: localhost
-------------------------------------------------------------------------------------------
06/12/2022, 20:15:29	<<INFO>>	Method: GET, Route: /appointments-by-dev-group/4, IP: localhost
-------------------------------------------------------------------------------------------
06/12/2022, 20:15:29	<<ERROR>>	
-------------------------------------------------------------------------------------------
06/12/2022, 20:18:28	<<INFO>>	Method: POST, Route: /api/appointments, IP: localhost
-------------------------------------------------------------------------------------------
06/12/2022, 20:20:08	<<INFO>>	Method: GET, Route: /api/dev-groups/, IP: localhost
-------------------------------------------------------------------------------------------
06/12/2022, 20:20:08	<<INFO>>	Method: GET, Route: /api/dev-groups/, IP: localhost
-------------------------------------------------------------------------------------------
06/12/2022, 20:20:35	<<INFO>>	Method: GET, Route: /api/dev-groups/, IP: localhost
-------------------------------------------------------------------------------------------
06/12/2022, 20:20:39	<<INFO>>	Method: GET, Route: /api/dev-groups/, IP: localhost
-------------------------------------------------------------------------------------------
06/12/2022, 20:21:32	<<INFO>>	Method: GET, Route: /appointments-by-dev-group/2, IP: localhost
-------------------------------------------------------------------------------------------
06/12/2022, 20:21:32	<<ERROR>>	
-------------------------------------------------------------------------------------------
06/12/2022, 20:34:03	<<INFO>>	Method: GET, Route: /api/dev-groups/, IP: localhost
-------------------------------------------------------------------------------------------
06/12/2022, 20:34:03	<<INFO>>	Method: GET, Route: /api/dev-groups/, IP: localhost
-------------------------------------------------------------------------------------------
06/12/2022, 20:34:05	<<INFO>>	Method: GET, Route: /api/dev-groups/, IP: localhost
-------------------------------------------------------------------------------------------
06/12/2022, 20:34:05	<<INFO>>	Method: GET, Route: /api/dev-groups/, IP: localhost
-------------------------------------------------------------------------------------------
06/12/2022, 20:34:09	<<INFO>>	Method: GET, Route: /api/dev-groups/, IP: localhost
-------------------------------------------------------------------------------------------
06/12/2022, 20:34:09	<<INFO>>	Method: GET, Route: /api/dev-groups/, IP: localhost
-------------------------------------------------------------------------------------------
06/12/2022, 20:34:11	<<INFO>>	Method: GET, Route: /appointments-by-dev-group/1, IP: localhost
-------------------------------------------------------------------------------------------
06/12/2022, 20:34:11	<<ERROR>>	
-------------------------------------------------------------------------------------------
06/12/2022, 20:35:53	<<INFO>>	Method: GET, Route: /api/dev-groups/, IP: localhost
-------------------------------------------------------------------------------------------
06/12/2022, 20:35:53	<<INFO>>	Method: GET, Route: /api/dev-groups/, IP: localhost
-------------------------------------------------------------------------------------------
06/12/2022, 20:35:53	<<INFO>>	Method: GET, Route: /api/dev-groups/, IP: localhost
-------------------------------------------------------------------------------------------
06/12/2022, 20:35:53	<<INFO>>	Method: GET, Route: /api/dev-groups/, IP: localhost
-------------------------------------------------------------------------------------------
06/12/2022, 20:35:57	<<INFO>>	Method: GET, Route: /api/dev-groups/, IP: localhost
-------------------------------------------------------------------------------------------
06/12/2022, 20:35:57	<<INFO>>	Method: GET, Route: /api/dev-groups/, IP: localhost
-------------------------------------------------------------------------------------------
06/12/2022, 20:35:59	<<INFO>>	Method: GET, Route: /appointments-by-dev-group/1, IP: localhost
-------------------------------------------------------------------------------------------
06/12/2022, 20:35:59	<<ERROR>>	
-------------------------------------------------------------------------------------------
06/12/2022, 20:37:00	<<INFO>>	Method: GET, Route: /api/dev-groups/, IP: localhost
-------------------------------------------------------------------------------------------
06/12/2022, 20:37:00	<<INFO>>	Method: GET, Route: /api/dev-groups/, IP: localhost
-------------------------------------------------------------------------------------------
06/12/2022, 20:37:24	<<INFO>>	Method: POST, Route: /api/appointments/, IP: localhost
-------------------------------------------------------------------------------------------
06/12/2022, 20:37:26	<<INFO>>	Method: GET, Route: /api/dev-groups/, IP: localhost
-------------------------------------------------------------------------------------------
06/12/2022, 20:37:26	<<INFO>>	Method: GET, Route: /api/dev-groups/, IP: localhost
-------------------------------------------------------------------------------------------
06/12/2022, 20:37:51	<<INFO>>	Method: GET, Route: /api/dev-groups/, IP: localhost
-------------------------------------------------------------------------------------------
06/12/2022, 20:37:51	<<INFO>>	Method: GET, Route: /api/dev-groups/, IP: localhost
-------------------------------------------------------------------------------------------
06/12/2022, 20:37:53	<<INFO>>	Method: GET, Route: /appointments-by-dev-group/3, IP: localhost
-------------------------------------------------------------------------------------------
06/12/2022, 20:37:53	<<ERROR>>	
-------------------------------------------------------------------------------------------
06/12/2022, 20:39:12	<<INFO>>	Method: GET, Route: /api/dev-groups/, IP: localhost
-------------------------------------------------------------------------------------------
06/12/2022, 20:39:14	<<INFO>>	Method: GET, Route: /api/dev-groups/, IP: localhost
-------------------------------------------------------------------------------------------
06/12/2022, 20:39:14	<<INFO>>	Method: GET, Route: /api/dev-groups/, IP: localhost
-------------------------------------------------------------------------------------------
06/12/2022, 20:39:15	<<INFO>>	Method: GET, Route: /appointments-by-dev-group/2, IP: localhost
-------------------------------------------------------------------------------------------
06/12/2022, 20:39:15	<<ERROR>>	
-------------------------------------------------------------------------------------------
06/12/2022, 20:45:05	<<INFO>>	Method: GET, Route: /api/appointments-by-dev-group/1, IP: localhost
-------------------------------------------------------------------------------------------
06/12/2022, 20:47:07	<<INFO>>	Method: GET, Route: /api/dev-groups/, IP: localhost
-------------------------------------------------------------------------------------------
06/12/2022, 20:47:25	<<INFO>>	Method: GET, Route: /api/dev-groups/, IP: localhost
-------------------------------------------------------------------------------------------
06/12/2022, 20:47:25	<<INFO>>	Method: GET, Route: /api/dev-groups/, IP: localhost
-------------------------------------------------------------------------------------------
06/12/2022, 20:47:26	<<INFO>>	Method: GET, Route: /api/appointments-by-dev-group/1, IP: localhost
-------------------------------------------------------------------------------------------
06/12/2022, 20:47:28	<<INFO>>	Method: GET, Route: /api/appointments-by-dev-group/2, IP: localhost
-------------------------------------------------------------------------------------------
06/12/2022, 20:47:40	<<INFO>>	Method: GET, Route: /api/appointments-by-dev-group/3, IP: localhost
-------------------------------------------------------------------------------------------
06/12/2022, 20:47:49	<<INFO>>	Method: GET, Route: /api/appointments-by-dev-group/4, IP: localhost
-------------------------------------------------------------------------------------------
06/12/2022, 21:01:10	<<INFO>>	Method: GET, Route: /api/dev-groups/, IP: localhost
-------------------------------------------------------------------------------------------
06/12/2022, 21:01:10	<<INFO>>	Method: GET, Route: /api/dev-groups/, IP: localhost
-------------------------------------------------------------------------------------------
06/12/2022, 21:01:16	<<INFO>>	Method: GET, Route: /api/appointments-by-dev-group/1, IP: localhost
-------------------------------------------------------------------------------------------
06/12/2022, 21:01:18	<<INFO>>	Method: GET, Route: /api/appointments-by-dev-group/2, IP: localhost
-------------------------------------------------------------------------------------------
06/12/2022, 21:01:21	<<INFO>>	Method: GET, Route: /api/appointments-by-dev-group/3, IP: localhost
-------------------------------------------------------------------------------------------
06/12/2022, 21:01:23	<<INFO>>	Method: GET, Route: /api/appointments-by-dev-group/4, IP: localhost
-------------------------------------------------------------------------------------------
06/12/2022, 21:02:04	<<INFO>>	Method: GET, Route: /api/dev-groups/, IP: localhost
-------------------------------------------------------------------------------------------
06/12/2022, 21:02:04	<<INFO>>	Method: GET, Route: /api/dev-groups/, IP: localhost
-------------------------------------------------------------------------------------------
06/12/2022, 21:02:06	<<INFO>>	Method: GET, Route: /api/appointments-by-dev-group/4, IP: localhost
-------------------------------------------------------------------------------------------
06/12/2022, 21:02:08	<<INFO>>	Method: GET, Route: /api/dev-groups/, IP: localhost
-------------------------------------------------------------------------------------------
06/12/2022, 21:02:08	<<INFO>>	Method: GET, Route: /api/dev-groups/, IP: localhost
-------------------------------------------------------------------------------------------
06/12/2022, 21:02:10	<<INFO>>	Method: GET, Route: /api/appointments-by-dev-group/2, IP: localhost
-------------------------------------------------------------------------------------------
06/12/2022, 21:02:11	<<INFO>>	Method: GET, Route: /api/dev-groups/, IP: localhost
-------------------------------------------------------------------------------------------
06/12/2022, 21:02:11	<<INFO>>	Method: GET, Route: /api/dev-groups/, IP: localhost
-------------------------------------------------------------------------------------------
06/12/2022, 21:03:09	<<INFO>>	Method: GET, Route: /api/dev-groups/, IP: localhost
-------------------------------------------------------------------------------------------
06/12/2022, 21:03:09	<<INFO>>	Method: GET, Route: /api/dev-groups/, IP: localhost
-------------------------------------------------------------------------------------------
06/12/2022, 21:03:34	<<INFO>>	Method: GET, Route: /api/dev-groups/, IP: localhost
-------------------------------------------------------------------------------------------
06/12/2022, 21:03:34	<<INFO>>	Method: GET, Route: /api/dev-groups/, IP: localhost
-------------------------------------------------------------------------------------------
06/12/2022, 21:03:36	<<INFO>>	Method: GET, Route: /api/appointments-by-dev-group/4, IP: localhost
-------------------------------------------------------------------------------------------
06/12/2022, 21:03:39	<<INFO>>	Method: GET, Route: /api/appointments-by-dev-group/3, IP: localhost
-------------------------------------------------------------------------------------------
06/12/2022, 21:03:41	<<INFO>>	Method: GET, Route: /api/appointments-by-dev-group/1, IP: localhost
-------------------------------------------------------------------------------------------
06/12/2022, 21:03:43	<<INFO>>	Method: GET, Route: /api/dev-groups/, IP: localhost
-------------------------------------------------------------------------------------------
06/12/2022, 21:03:43	<<INFO>>	Method: GET, Route: /api/dev-groups/, IP: localhost
-------------------------------------------------------------------------------------------
06/12/2022, 21:03:44	<<INFO>>	Method: GET, Route: /api/dev-groups/, IP: localhost
-------------------------------------------------------------------------------------------
06/12/2022, 21:03:44	<<INFO>>	Method: GET, Route: /api/dev-groups/, IP: localhost
-------------------------------------------------------------------------------------------
06/12/2022, 21:03:47	<<INFO>>	Method: GET, Route: /api/dev-groups/, IP: localhost
-------------------------------------------------------------------------------------------
06/12/2022, 21:03:47	<<INFO>>	Method: GET, Route: /api/dev-groups/, IP: localhost
-------------------------------------------------------------------------------------------
06/12/2022, 21:03:49	<<INFO>>	Method: GET, Route: /api/appointments-by-dev-group/4, IP: localhost
-------------------------------------------------------------------------------------------
06/12/2022, 21:05:25	<<INFO>>	Method: GET, Route: /api/dev-groups/, IP: localhost
-------------------------------------------------------------------------------------------
06/12/2022, 21:05:25	<<INFO>>	Method: GET, Route: /api/dev-groups/, IP: localhost
-------------------------------------------------------------------------------------------
06/12/2022, 21:08:55	<<INFO>>	Method: POST, Route: /api/appointments/, IP: localhost
-------------------------------------------------------------------------------------------
06/12/2022, 21:08:57	<<INFO>>	Method: GET, Route: /api/dev-groups/, IP: localhost
-------------------------------------------------------------------------------------------
06/12/2022, 21:08:57	<<INFO>>	Method: GET, Route: /api/dev-groups/, IP: localhost
-------------------------------------------------------------------------------------------
06/12/2022, 21:09:01	<<INFO>>	Method: GET, Route: /api/dev-groups/, IP: localhost
-------------------------------------------------------------------------------------------
06/12/2022, 21:09:01	<<INFO>>	Method: GET, Route: /api/dev-groups/, IP: localhost
-------------------------------------------------------------------------------------------
06/12/2022, 21:09:04	<<INFO>>	Method: GET, Route: /api/appointments-by-dev-group/3, IP: localhost
-------------------------------------------------------------------------------------------
06/12/2022, 21:20:19	<<INFO>>	Method: GET, Route: /api/dev-groups/, IP: localhost
-------------------------------------------------------------------------------------------
06/12/2022, 21:20:19	<<INFO>>	Method: GET, Route: /api/dev-groups/, IP: localhost
-------------------------------------------------------------------------------------------
06/12/2022, 21:20:21	<<INFO>>	Method: GET, Route: /api/appointments-by-dev-group/1, IP: localhost
-------------------------------------------------------------------------------------------
06/12/2022, 21:20:22	<<INFO>>	Method: GET, Route: /api/appointments-by-dev-group/2, IP: localhost
-------------------------------------------------------------------------------------------
06/12/2022, 21:20:24	<<INFO>>	Method: GET, Route: /api/appointments-by-dev-group/3, IP: localhost
-------------------------------------------------------------------------------------------
06/12/2022, 21:20:26	<<INFO>>	Method: GET, Route: /api/appointments-by-dev-group/4, IP: localhost
-------------------------------------------------------------------------------------------
06/12/2022, 21:20:29	<<INFO>>	Method: GET, Route: /api/appointments-by-dev-group/2, IP: localhost
-------------------------------------------------------------------------------------------
06/12/2022, 21:20:30	<<INFO>>	Method: GET, Route: /api/appointments-by-dev-group/4, IP: localhost
-------------------------------------------------------------------------------------------
08/01/2023, 20:51:44	<<INFO>>	Method: GET, Route: /api/dev-groups/, IP: localhost
-------------------------------------------------------------------------------------------
08/01/2023, 20:51:44	<<INFO>>	Method: GET, Route: /api/dev-groups/, IP: localhost
-------------------------------------------------------------------------------------------
08/01/2023, 20:51:48	<<INFO>>	Method: GET, Route: /api/dev-groups/, IP: localhost
-------------------------------------------------------------------------------------------
08/01/2023, 20:51:48	<<INFO>>	Method: GET, Route: /api/dev-groups/, IP: localhost
-------------------------------------------------------------------------------------------
08/01/2023, 21:22:51	<<INFO>>	Method: GET, Route: /api/dev-groups/, IP: localhost
-------------------------------------------------------------------------------------------
08/01/2023, 21:22:51	<<INFO>>	Method: GET, Route: /api/dev-groups/, IP: localhost
-------------------------------------------------------------------------------------------
08/01/2023, 21:22:54	<<INFO>>	Method: GET, Route: /api/appointments-by-dev-group/1, IP: localhost
-------------------------------------------------------------------------------------------
08/01/2023, 21:23:24	<<INFO>>	Method: GET, Route: /api/dev-groups/, IP: localhost
-------------------------------------------------------------------------------------------
08/01/2023, 21:23:24	<<INFO>>	Method: GET, Route: /api/dev-groups/, IP: localhost
-------------------------------------------------------------------------------------------
08/01/2023, 21:24:38	<<INFO>>	Method: POST, Route: /api/appointments/, IP: localhost
-------------------------------------------------------------------------------------------
08/01/2023, 21:24:41	<<INFO>>	Method: GET, Route: /api/dev-groups/, IP: localhost
-------------------------------------------------------------------------------------------
08/01/2023, 21:24:41	<<INFO>>	Method: GET, Route: /api/dev-groups/, IP: localhost
-------------------------------------------------------------------------------------------
08/01/2023, 21:38:33	<<INFO>>	Method: GET, Route: /api/dev-groups/, IP: localhost
-------------------------------------------------------------------------------------------
08/01/2023, 21:38:33	<<INFO>>	Method: GET, Route: /api/dev-groups/, IP: localhost
-------------------------------------------------------------------------------------------
08/01/2023, 21:39:36	<<INFO>>	Method: POST, Route: /api/appointments/, IP: localhost
-------------------------------------------------------------------------------------------
08/01/2023, 21:57:12	<<INFO>>	Method: POST, Route: /api/appointments/, IP: localhost
-------------------------------------------------------------------------------------------
08/01/2023, 21:57:12	<<ERROR>>	
-------------------------------------------------------------------------------------------
08/01/2023, 21:57:16	<<INFO>>	Method: GET, Route: /api/dev-groups/, IP: localhost
-------------------------------------------------------------------------------------------
08/01/2023, 21:57:16	<<INFO>>	Method: GET, Route: /api/dev-groups/, IP: localhost
-------------------------------------------------------------------------------------------
08/01/2023, 21:57:47	<<INFO>>	Method: POST, Route: /api/appointments/, IP: localhost
-------------------------------------------------------------------------------------------
08/01/2023, 21:57:47	<<ERROR>>	
-------------------------------------------------------------------------------------------
08/01/2023, 21:59:37	<<INFO>>	Method: GET, Route: /api/dev-groups/, IP: localhost
-------------------------------------------------------------------------------------------
08/01/2023, 21:59:37	<<INFO>>	Method: GET, Route: /api/dev-groups/, IP: localhost
-------------------------------------------------------------------------------------------
08/01/2023, 22:00:11	<<INFO>>	Method: POST, Route: /api/appointments/, IP: localhost
-------------------------------------------------------------------------------------------
08/01/2023, 22:00:19	<<INFO>>	Method: GET, Route: /api/dev-groups/, IP: localhost
-------------------------------------------------------------------------------------------
08/01/2023, 22:00:19	<<INFO>>	Method: GET, Route: /api/dev-groups/, IP: localhost
-------------------------------------------------------------------------------------------
08/01/2023, 22:11:22	<<INFO>>	Method: GET, Route: /api/dev-groups/, IP: localhost
-------------------------------------------------------------------------------------------
08/01/2023, 22:11:22	<<INFO>>	Method: GET, Route: /api/dev-groups/, IP: localhost
-------------------------------------------------------------------------------------------
08/01/2023, 22:11:58	<<INFO>>	Method: POST, Route: /api/appointments/, IP: localhost
-------------------------------------------------------------------------------------------
08/01/2023, 22:11:58	<<ERROR>>	
-------------------------------------------------------------------------------------------
08/01/2023, 22:14:07	<<INFO>>	Method: POST, Route: /api/appointments/, IP: localhost
-------------------------------------------------------------------------------------------
08/01/2023, 22:14:07	<<ERROR>>	
-------------------------------------------------------------------------------------------
08/01/2023, 22:14:11	<<INFO>>	Method: GET, Route: /api/dev-groups/, IP: localhost
-------------------------------------------------------------------------------------------
08/01/2023, 22:14:11	<<INFO>>	Method: GET, Route: /api/dev-groups/, IP: localhost
-------------------------------------------------------------------------------------------
08/01/2023, 22:14:42	<<INFO>>	Method: POST, Route: /api/appointments/, IP: localhost
-------------------------------------------------------------------------------------------
08/01/2023, 22:14:42	<<ERROR>>	
-------------------------------------------------------------------------------------------
08/01/2023, 22:17:33	<<INFO>>	Method: POST, Route: /api/appointments/, IP: localhost
-------------------------------------------------------------------------------------------
08/01/2023, 22:17:33	<<ERROR>>	
-------------------------------------------------------------------------------------------
08/01/2023, 22:17:36	<<INFO>>	Method: GET, Route: /api/dev-groups/, IP: localhost
-------------------------------------------------------------------------------------------
08/01/2023, 22:17:36	<<INFO>>	Method: GET, Route: /api/dev-groups/, IP: localhost
-------------------------------------------------------------------------------------------
08/01/2023, 22:17:58	<<INFO>>	Method: POST, Route: /api/appointments/, IP: localhost
-------------------------------------------------------------------------------------------
08/01/2023, 22:17:58	<<ERROR>>	
-------------------------------------------------------------------------------------------
13/01/2023, 22:14:46	<<INFO>>	Method: GET, Route: /api/dev-groups/, IP: localhost
-------------------------------------------------------------------------------------------
13/01/2023, 22:14:46	<<INFO>>	Method: GET, Route: /api/dev-groups/, IP: localhost
-------------------------------------------------------------------------------------------
13/01/2023, 22:14:49	<<INFO>>	Method: GET, Route: /api/dev-groups/, IP: localhost
-------------------------------------------------------------------------------------------
13/01/2023, 22:14:49	<<INFO>>	Method: GET, Route: /api/dev-groups/, IP: localhost
-------------------------------------------------------------------------------------------
13/01/2023, 22:14:53	<<INFO>>	Method: GET, Route: /api/dev-groups/, IP: localhost
-------------------------------------------------------------------------------------------
13/01/2023, 22:14:53	<<INFO>>	Method: GET, Route: /api/dev-groups/, IP: localhost
-------------------------------------------------------------------------------------------
13/01/2023, 22:14:55	<<INFO>>	Method: GET, Route: /api/appointments-by-dev-group/1, IP: localhost
-------------------------------------------------------------------------------------------
13/01/2023, 22:15:58	<<INFO>>	Method: GET, Route: /api/dev-groups/, IP: localhost
-------------------------------------------------------------------------------------------
13/01/2023, 22:15:58	<<INFO>>	Method: GET, Route: /api/dev-groups/, IP: localhost
-------------------------------------------------------------------------------------------
13/01/2023, 22:16:36	<<INFO>>	Method: POST, Route: /api/appointments/, IP: localhost
-------------------------------------------------------------------------------------------
13/01/2023, 22:16:36	<<ERROR>>	
-------------------------------------------------------------------------------------------
13/01/2023, 22:20:03	<<INFO>>	Method: GET, Route: /api/dev-groups/, IP: localhost
-------------------------------------------------------------------------------------------
13/01/2023, 22:20:03	<<INFO>>	Method: GET, Route: /api/dev-groups/, IP: localhost
-------------------------------------------------------------------------------------------
13/01/2023, 22:20:05	<<INFO>>	Method: GET, Route: /api/dev-groups/, IP: localhost
-------------------------------------------------------------------------------------------
13/01/2023, 22:20:05	<<INFO>>	Method: GET, Route: /api/dev-groups/, IP: localhost
-------------------------------------------------------------------------------------------
13/01/2023, 22:20:08	<<INFO>>	Method: GET, Route: /api/appointments-by-dev-group/3, IP: localhost
-------------------------------------------------------------------------------------------
13/01/2023, 22:20:19	<<INFO>>	Method: GET, Route: /api/dev-groups/, IP: localhost
-------------------------------------------------------------------------------------------
13/01/2023, 22:20:19	<<INFO>>	Method: GET, Route: /api/dev-groups/, IP: localhost
-------------------------------------------------------------------------------------------
13/01/2023, 22:21:03	<<INFO>>	Method: POST, Route: /api/appointments/, IP: localhost
-------------------------------------------------------------------------------------------
13/01/2023, 22:21:11	<<INFO>>	Method: GET, Route: /api/dev-groups/, IP: localhost
-------------------------------------------------------------------------------------------
13/01/2023, 22:21:11	<<INFO>>	Method: GET, Route: /api/dev-groups/, IP: localhost
-------------------------------------------------------------------------------------------
13/01/2023, 22:23:46	<<INFO>>	Method: GET, Route: /api/appointments-by-dev-group/1, IP: localhost
-------------------------------------------------------------------------------------------
13/01/2023, 22:24:32	<<INFO>>	Method: GET, Route: /api/dev-groups/, IP: localhost
-------------------------------------------------------------------------------------------
13/01/2023, 22:24:32	<<INFO>>	Method: GET, Route: /api/dev-groups/, IP: localhost
-------------------------------------------------------------------------------------------
13/01/2023, 22:25:15	<<INFO>>	Method: POST, Route: /api/appointments/, IP: localhost
-------------------------------------------------------------------------------------------
13/01/2023, 22:25:15	<<ERROR>>	
-------------------------------------------------------------------------------------------
13/01/2023, 22:26:20	<<INFO>>	Method: GET, Route: /api/dev-groups/, IP: localhost
-------------------------------------------------------------------------------------------
13/01/2023, 22:26:20	<<INFO>>	Method: GET, Route: /api/dev-groups/, IP: localhost
-------------------------------------------------------------------------------------------
13/01/2023, 22:27:06	<<INFO>>	Method: POST, Route: /api/appointments/, IP: localhost
-------------------------------------------------------------------------------------------
13/01/2023, 22:27:06	<<ERROR>>	
-------------------------------------------------------------------------------------------
13/01/2023, 22:28:28	<<INFO>>	Method: GET, Route: /api/dev-groups/, IP: localhost
-------------------------------------------------------------------------------------------
13/01/2023, 22:28:28	<<INFO>>	Method: GET, Route: /api/dev-groups/, IP: localhost
-------------------------------------------------------------------------------------------
13/01/2023, 22:28:30	<<INFO>>	Method: GET, Route: /api/appointments-by-dev-group/2, IP: localhost
-------------------------------------------------------------------------------------------
13/01/2023, 22:29:14	<<INFO>>	Method: GET, Route: /api/dev-groups/, IP: localhost
-------------------------------------------------------------------------------------------
13/01/2023, 22:29:14	<<INFO>>	Method: GET, Route: /api/dev-groups/, IP: localhost
-------------------------------------------------------------------------------------------
13/01/2023, 22:29:33	<<INFO>>	Method: POST, Route: /api/appointments/, IP: localhost
-------------------------------------------------------------------------------------------
13/01/2023, 22:29:35	<<INFO>>	Method: GET, Route: /api/dev-groups/, IP: localhost
-------------------------------------------------------------------------------------------
13/01/2023, 22:29:35	<<INFO>>	Method: GET, Route: /api/dev-groups/, IP: localhost
-------------------------------------------------------------------------------------------
14/01/2023, 8:39:05	<<INFO>>	Method: GET, Route: /api/dev-groups/, IP: localhost
-------------------------------------------------------------------------------------------
14/01/2023, 8:39:05	<<INFO>>	Method: GET, Route: /api/dev-groups/, IP: localhost
-------------------------------------------------------------------------------------------
14/01/2023, 8:39:10	<<INFO>>	Method: GET, Route: /api/dev-groups/, IP: localhost
-------------------------------------------------------------------------------------------
14/01/2023, 8:39:10	<<INFO>>	Method: GET, Route: /api/dev-groups/, IP: localhost
-------------------------------------------------------------------------------------------
14/01/2023, 8:39:13	<<INFO>>	Method: GET, Route: /api/dev-groups/, IP: localhost
-------------------------------------------------------------------------------------------
14/01/2023, 8:39:13	<<INFO>>	Method: GET, Route: /api/dev-groups/, IP: localhost
-------------------------------------------------------------------------------------------
14/01/2023, 8:40:31	<<INFO>>	Method: GET, Route: /api/dev-groups/, IP: localhost
-------------------------------------------------------------------------------------------
14/01/2023, 8:40:35	<<INFO>>	Method: GET, Route: /api/dev-groups/, IP: localhost
-------------------------------------------------------------------------------------------
14/01/2023, 8:47:02	<<INFO>>	Method: GET, Route: /api/dev-groups/, IP: localhost
-------------------------------------------------------------------------------------------
14/01/2023, 8:47:40	<<INFO>>	Method: GET, Route: /api/dev-groups/, IP: localhost
-------------------------------------------------------------------------------------------
14/01/2023, 9:01:14	<<INFO>>	Method: GET, Route: /api/appointments-by-dev-group/1, IP: localhost
-------------------------------------------------------------------------------------------
14/01/2023, 9:01:22	<<INFO>>	Method: GET, Route: /api/appointments-by-dev-group/2, IP: localhost
-------------------------------------------------------------------------------------------
14/01/2023, 9:01:24	<<INFO>>	Method: GET, Route: /api/appointments-by-dev-group/3, IP: localhost
-------------------------------------------------------------------------------------------
14/01/2023, 9:01:26	<<INFO>>	Method: GET, Route: /api/appointments-by-dev-group/4, IP: localhost
-------------------------------------------------------------------------------------------
14/01/2023, 9:01:38	<<INFO>>	Method: GET, Route: /api/dev-groups/, IP: localhost
-------------------------------------------------------------------------------------------
14/01/2023, 9:01:38	<<INFO>>	Method: GET, Route: /api/dev-groups/, IP: localhost
-------------------------------------------------------------------------------------------
14/01/2023, 9:01:47	<<INFO>>	Method: GET, Route: /api/appointments-by-dev-group/4, IP: localhost
-------------------------------------------------------------------------------------------
14/01/2023, 9:01:58	<<INFO>>	Method: GET, Route: /api/appointments-by-dev-group/1, IP: localhost
-------------------------------------------------------------------------------------------
14/01/2023, 9:05:05	<<INFO>>	Method: GET, Route: /api/dev-groups/, IP: localhost
-------------------------------------------------------------------------------------------
14/01/2023, 9:05:05	<<INFO>>	Method: GET, Route: /api/dev-groups/, IP: localhost
-------------------------------------------------------------------------------------------
14/01/2023, 9:05:32	<<INFO>>	Method: GET, Route: /api/dev-groups/, IP: localhost
-------------------------------------------------------------------------------------------
14/01/2023, 9:05:36	<<INFO>>	Method: GET, Route: /api/dev-groups/, IP: localhost
-------------------------------------------------------------------------------------------
14/01/2023, 9:05:39	<<INFO>>	Method: GET, Route: /api/dev-groups/, IP: localhost
-------------------------------------------------------------------------------------------
14/01/2023, 9:05:52	<<INFO>>	Method: GET, Route: /api/dev-groups/, IP: localhost
-------------------------------------------------------------------------------------------
14/01/2023, 9:05:57	<<INFO>>	Method: GET, Route: /api/dev-groups/, IP: localhost
-------------------------------------------------------------------------------------------
14/01/2023, 9:34:34	<<INFO>>	Method: GET, Route: /api/dev-groups/, IP: localhost
-------------------------------------------------------------------------------------------
14/01/2023, 9:34:34	<<INFO>>	Method: GET, Route: /api/dev-groups/, IP: localhost
-------------------------------------------------------------------------------------------
14/01/2023, 9:34:38	<<INFO>>	Method: GET, Route: /api/appointments-by-dev-group/2, IP: localhost
-------------------------------------------------------------------------------------------
14/01/2023, 9:35:28	<<INFO>>	Method: GET, Route: /api/dev-groups/, IP: localhost
-------------------------------------------------------------------------------------------
14/01/2023, 9:35:28	<<INFO>>	Method: GET, Route: /api/dev-groups/, IP: localhost
-------------------------------------------------------------------------------------------
14/01/2023, 9:35:37	<<INFO>>	Method: GET, Route: /api/dev-groups/, IP: localhost
-------------------------------------------------------------------------------------------
14/01/2023, 9:35:40	<<INFO>>	Method: GET, Route: /api/dev-groups/, IP: localhost
-------------------------------------------------------------------------------------------
14/01/2023, 9:35:45	<<INFO>>	Method: GET, Route: /api/dev-groups/, IP: localhost
-------------------------------------------------------------------------------------------
14/01/2023, 9:35:47	<<INFO>>	Method: GET, Route: /api/dev-groups/, IP: localhost
-------------------------------------------------------------------------------------------
14/01/2023, 9:35:51	<<INFO>>	Method: GET, Route: /api/dev-groups/, IP: localhost
-------------------------------------------------------------------------------------------
14/01/2023, 9:35:54	<<INFO>>	Method: GET, Route: /api/dev-groups/, IP: localhost
-------------------------------------------------------------------------------------------
14/01/2023, 9:35:54	<<INFO>>	Method: GET, Route: /api/dev-groups/, IP: localhost
-------------------------------------------------------------------------------------------
14/01/2023, 9:35:57	<<INFO>>	Method: GET, Route: /api/appointments-by-dev-group/3, IP: localhost
-------------------------------------------------------------------------------------------
14/01/2023, 9:36:32	<<INFO>>	Method: GET, Route: /api/dev-groups/, IP: localhost
-------------------------------------------------------------------------------------------
14/01/2023, 9:36:43	<<INFO>>	Method: GET, Route: /api/dev-groups/, IP: localhost
-------------------------------------------------------------------------------------------
14/01/2023, 9:36:46	<<INFO>>	Method: GET, Route: /api/dev-groups/, IP: localhost
-------------------------------------------------------------------------------------------
14/01/2023, 9:36:47	<<INFO>>	Method: GET, Route: /api/dev-groups/, IP: localhost
-------------------------------------------------------------------------------------------
14/01/2023, 9:36:49	<<INFO>>	Method: GET, Route: /api/dev-groups/, IP: localhost
-------------------------------------------------------------------------------------------
14/01/2023, 9:37:05	<<INFO>>	Method: GET, Route: /api/appointments-by-dev-group/4, IP: localhost
-------------------------------------------------------------------------------------------
14/01/2023, 9:42:17	<<INFO>>	Method: GET, Route: /api/dev-groups/, IP: localhost
-------------------------------------------------------------------------------------------
14/01/2023, 9:42:58	<<INFO>>	Method: GET, Route: /api/dev-groups/, IP: localhost
-------------------------------------------------------------------------------------------
14/01/2023, 9:42:58	<<INFO>>	Method: GET, Route: /api/dev-groups/, IP: localhost
-------------------------------------------------------------------------------------------
14/01/2023, 9:43:12	<<INFO>>	Method: GET, Route: /api/dev-groups/, IP: localhost
-------------------------------------------------------------------------------------------
14/01/2023, 9:43:15	<<INFO>>	Method: GET, Route: /api/dev-groups/, IP: localhost
-------------------------------------------------------------------------------------------
14/01/2023, 9:43:17	<<INFO>>	Method: GET, Route: /api/dev-groups/, IP: localhost
-------------------------------------------------------------------------------------------
14/01/2023, 9:43:19	<<INFO>>	Method: GET, Route: /api/dev-groups/, IP: localhost
-------------------------------------------------------------------------------------------
14/01/2023, 9:43:24	<<INFO>>	Method: GET, Route: /api/dev-groups/, IP: localhost
-------------------------------------------------------------------------------------------
14/01/2023, 9:43:38	<<INFO>>	Method: GET, Route: /api/dev-groups/, IP: localhost
-------------------------------------------------------------------------------------------
14/01/2023, 9:43:38	<<INFO>>	Method: GET, Route: /api/dev-groups/, IP: localhost
-------------------------------------------------------------------------------------------
14/01/2023, 9:45:20	<<INFO>>	Method: GET, Route: /api/appointments-by-dev-group/2, IP: localhost
-------------------------------------------------------------------------------------------
14/01/2023, 9:46:12	<<INFO>>	Method: GET, Route: /api/dev-groups/, IP: localhost
-------------------------------------------------------------------------------------------
14/01/2023, 9:49:19	<<INFO>>	Method: GET, Route: /api/dev-groups/, IP: localhost
-------------------------------------------------------------------------------------------
14/01/2023, 9:49:19	<<INFO>>	Method: GET, Route: /api/dev-groups/, IP: localhost
-------------------------------------------------------------------------------------------
14/01/2023, 9:49:27	<<INFO>>	Method: GET, Route: /api/appointments-by-dev-group/2, IP: localhost
-------------------------------------------------------------------------------------------
14/01/2023, 9:50:49	<<INFO>>	Method: GET, Route: /api/dev-groups/, IP: localhost
-------------------------------------------------------------------------------------------
14/01/2023, 9:50:59	<<INFO>>	Method: GET, Route: /api/dev-groups/, IP: localhost
-------------------------------------------------------------------------------------------
14/01/2023, 9:52:29	<<INFO>>	Method: GET, Route: /api/dev-groups/, IP: localhost
-------------------------------------------------------------------------------------------
14/01/2023, 9:52:31	<<INFO>>	Method: GET, Route: /api/dev-groups/, IP: localhost
-------------------------------------------------------------------------------------------
14/01/2023, 9:52:35	<<INFO>>	Method: GET, Route: /api/dev-groups/, IP: localhost
-------------------------------------------------------------------------------------------
14/01/2023, 9:52:43	<<INFO>>	Method: GET, Route: /api/dev-groups/, IP: localhost
-------------------------------------------------------------------------------------------
14/01/2023, 9:52:46	<<INFO>>	Method: GET, Route: /api/dev-groups/, IP: localhost
-------------------------------------------------------------------------------------------
14/01/2023, 9:52:48	<<INFO>>	Method: GET, Route: /api/dev-groups/, IP: localhost
-------------------------------------------------------------------------------------------
14/01/2023, 9:52:50	<<INFO>>	Method: GET, Route: /api/dev-groups/, IP: localhost
-------------------------------------------------------------------------------------------
14/01/2023, 9:53:40	<<INFO>>	Method: GET, Route: /api/dev-groups/, IP: localhost
-------------------------------------------------------------------------------------------
14/01/2023, 9:54:26	<<INFO>>	Method: GET, Route: /api/dev-groups/, IP: localhost
-------------------------------------------------------------------------------------------
14/01/2023, 9:54:29	<<INFO>>	Method: GET, Route: /api/dev-groups/, IP: localhost
-------------------------------------------------------------------------------------------
14/01/2023, 9:54:30	<<INFO>>	Method: GET, Route: /api/dev-groups/, IP: localhost
-------------------------------------------------------------------------------------------
14/01/2023, 9:54:44	<<INFO>>	Method: GET, Route: /api/dev-groups/, IP: localhost
-------------------------------------------------------------------------------------------
14/01/2023, 9:55:00	<<INFO>>	Method: GET, Route: /api/dev-groups/, IP: localhost
-------------------------------------------------------------------------------------------
14/01/2023, 9:55:03	<<INFO>>	Method: GET, Route: /api/dev-groups/, IP: localhost
-------------------------------------------------------------------------------------------
14/01/2023, 9:55:47	<<INFO>>	Method: GET, Route: /api/dev-groups/, IP: localhost
-------------------------------------------------------------------------------------------
14/01/2023, 9:55:49	<<INFO>>	Method: GET, Route: /api/dev-groups/, IP: localhost
-------------------------------------------------------------------------------------------
14/01/2023, 9:55:52	<<INFO>>	Method: GET, Route: /api/dev-groups/, IP: localhost
-------------------------------------------------------------------------------------------
14/01/2023, 9:55:58	<<INFO>>	Method: GET, Route: /api/dev-groups/, IP: localhost
-------------------------------------------------------------------------------------------
14/01/2023, 9:56:02	<<INFO>>	Method: GET, Route: /api/dev-groups/, IP: localhost
-------------------------------------------------------------------------------------------
14/01/2023, 9:56:04	<<INFO>>	Method: GET, Route: /api/dev-groups/, IP: localhost
-------------------------------------------------------------------------------------------
14/01/2023, 9:56:10	<<INFO>>	Method: GET, Route: /api/dev-groups/, IP: localhost
-------------------------------------------------------------------------------------------
14/01/2023, 9:56:21	<<INFO>>	Method: GET, Route: /api/dev-groups/, IP: localhost
-------------------------------------------------------------------------------------------
14/01/2023, 9:56:36	<<INFO>>	Method: GET, Route: /api/dev-groups/, IP: localhost
-------------------------------------------------------------------------------------------
14/01/2023, 9:56:40	<<INFO>>	Method: GET, Route: /api/dev-groups/, IP: localhost
-------------------------------------------------------------------------------------------
14/01/2023, 9:56:48	<<INFO>>	Method: GET, Route: /api/dev-groups/, IP: localhost
-------------------------------------------------------------------------------------------
14/01/2023, 9:56:54	<<INFO>>	Method: GET, Route: /api/dev-groups/, IP: localhost
-------------------------------------------------------------------------------------------
14/01/2023, 9:56:56	<<INFO>>	Method: GET, Route: /api/dev-groups/, IP: localhost
-------------------------------------------------------------------------------------------
14/01/2023, 9:57:24	<<INFO>>	Method: GET, Route: /api/dev-groups/, IP: localhost
-------------------------------------------------------------------------------------------
14/01/2023, 9:58:32	<<INFO>>	Method: GET, Route: /api/dev-groups/, IP: localhost
-------------------------------------------------------------------------------------------
14/01/2023, 9:58:36	<<INFO>>	Method: GET, Route: /api/dev-groups/, IP: localhost
-------------------------------------------------------------------------------------------
14/01/2023, 9:58:37	<<INFO>>	Method: GET, Route: /api/dev-groups/, IP: localhost
-------------------------------------------------------------------------------------------
14/01/2023, 9:58:53	<<INFO>>	Method: GET, Route: /api/dev-groups/, IP: localhost
-------------------------------------------------------------------------------------------
14/01/2023, 9:58:57	<<INFO>>	Method: GET, Route: /api/dev-groups/, IP: localhost
-------------------------------------------------------------------------------------------
14/01/2023, 9:59:09	<<INFO>>	Method: GET, Route: /api/dev-groups/, IP: localhost
-------------------------------------------------------------------------------------------
14/01/2023, 9:59:20	<<INFO>>	Method: GET, Route: /api/dev-groups/, IP: localhost
-------------------------------------------------------------------------------------------
14/01/2023, 9:59:28	<<INFO>>	Method: GET, Route: /api/dev-groups/, IP: localhost
-------------------------------------------------------------------------------------------
14/01/2023, 9:59:30	<<INFO>>	Method: GET, Route: /api/dev-groups/, IP: localhost
-------------------------------------------------------------------------------------------
14/01/2023, 9:59:37	<<INFO>>	Method: GET, Route: /api/dev-groups/, IP: localhost
-------------------------------------------------------------------------------------------
14/01/2023, 9:59:52	<<INFO>>	Method: GET, Route: /api/dev-groups/, IP: localhost
-------------------------------------------------------------------------------------------
14/01/2023, 10:00:01	<<INFO>>	Method: GET, Route: /api/dev-groups/, IP: localhost
-------------------------------------------------------------------------------------------
14/01/2023, 10:00:20	<<INFO>>	Method: GET, Route: /api/dev-groups/, IP: localhost
-------------------------------------------------------------------------------------------
14/01/2023, 10:00:52	<<INFO>>	Method: GET, Route: /api/appointments-by-dev-group/3, IP: localhost
-------------------------------------------------------------------------------------------
14/01/2023, 10:00:57	<<INFO>>	Method: GET, Route: /api/appointments-by-dev-group/4, IP: localhost
-------------------------------------------------------------------------------------------
14/01/2023, 10:03:13	<<INFO>>	Method: GET, Route: /api/appointments-by-dev-group/1, IP: localhost
-------------------------------------------------------------------------------------------
14/01/2023, 10:03:15	<<INFO>>	Method: GET, Route: /api/appointments-by-dev-group/2, IP: localhost
-------------------------------------------------------------------------------------------
14/01/2023, 10:03:17	<<INFO>>	Method: GET, Route: /api/appointments-by-dev-group/3, IP: localhost
-------------------------------------------------------------------------------------------
14/01/2023, 10:03:26	<<INFO>>	Method: GET, Route: /api/appointments-by-dev-group/4, IP: localhost
-------------------------------------------------------------------------------------------
14/01/2023, 10:04:24	<<INFO>>	Method: GET, Route: /api/dev-groups/, IP: localhost
-------------------------------------------------------------------------------------------
14/01/2023, 10:04:24	<<INFO>>	Method: GET, Route: /api/dev-groups/, IP: localhost
-------------------------------------------------------------------------------------------
14/01/2023, 10:04:26	<<INFO>>	Method: GET, Route: /api/appointments-by-dev-group/4, IP: localhost
-------------------------------------------------------------------------------------------
14/01/2023, 10:04:32	<<INFO>>	Method: GET, Route: /api/appointments-by-dev-group/3, IP: localhost
-------------------------------------------------------------------------------------------
14/01/2023, 10:04:42	<<INFO>>	Method: GET, Route: /api/appointments-by-dev-group/4, IP: localhost
-------------------------------------------------------------------------------------------
14/01/2023, 10:04:50	<<INFO>>	Method: GET, Route: /api/appointments-by-dev-group/3, IP: localhost
-------------------------------------------------------------------------------------------
14/01/2023, 10:05:07	<<INFO>>	Method: GET, Route: /api/appointments-by-dev-group/4, IP: localhost
-------------------------------------------------------------------------------------------
14/01/2023, 10:05:15	<<INFO>>	Method: GET, Route: /api/appointments-by-dev-group/2, IP: localhost
-------------------------------------------------------------------------------------------
14/01/2023, 10:05:17	<<INFO>>	Method: GET, Route: /api/appointments-by-dev-group/1, IP: localhost
-------------------------------------------------------------------------------------------
14/01/2023, 10:05:19	<<INFO>>	Method: GET, Route: /api/appointments-by-dev-group/3, IP: localhost
-------------------------------------------------------------------------------------------
14/01/2023, 10:05:23	<<INFO>>	Method: GET, Route: /api/dev-groups/, IP: localhost
-------------------------------------------------------------------------------------------
14/01/2023, 10:05:23	<<INFO>>	Method: GET, Route: /api/dev-groups/, IP: localhost
-------------------------------------------------------------------------------------------
14/01/2023, 11:16:27	<<INFO>>	Method: GET, Route: /api/dev-groups/, IP: localhost
-------------------------------------------------------------------------------------------
14/01/2023, 11:16:27	<<INFO>>	Method: GET, Route: /api/dev-groups/, IP: localhost
-------------------------------------------------------------------------------------------
14/01/2023, 11:16:31	<<INFO>>	Method: GET, Route: /api/appointments-by-dev-group/2, IP: localhost
-------------------------------------------------------------------------------------------
14/01/2023, 11:16:39	<<INFO>>	Method: GET, Route: /api/appointments-by-dev-group/1, IP: localhost
-------------------------------------------------------------------------------------------
14/01/2023, 11:16:42	<<INFO>>	Method: GET, Route: /api/appointments-by-dev-group/2, IP: localhost
-------------------------------------------------------------------------------------------
14/01/2023, 11:16:47	<<INFO>>	Method: GET, Route: /api/appointments-by-dev-group/3, IP: localhost
-------------------------------------------------------------------------------------------
14/01/2023, 11:16:49	<<INFO>>	Method: GET, Route: /api/appointments-by-dev-group/2, IP: localhost
-------------------------------------------------------------------------------------------
14/01/2023, 11:16:51	<<INFO>>	Method: GET, Route: /api/appointments-by-dev-group/4, IP: localhost
-------------------------------------------------------------------------------------------
14/01/2023, 11:16:54	<<INFO>>	Method: GET, Route: /api/dev-groups/, IP: localhost
-------------------------------------------------------------------------------------------
14/01/2023, 11:16:54	<<INFO>>	Method: GET, Route: /api/dev-groups/, IP: localhost
-------------------------------------------------------------------------------------------
